{"/home/duker22/frontend-project-46/index.js": {"path":"/home/duker22/frontend-project-46/index.js","statementMap":{"0":{"start":{"line":4,"column":20},"end":{"line":9,"column":1}},"1":{"start":{"line":5,"column":20},"end":{"line":5,"column":58}},"2":{"start":{"line":6,"column":20},"end":{"line":6,"column":58}},"3":{"start":{"line":7,"column":2},"end":{"line":7,"column":25}},"4":{"start":{"line":8,"column":2},"end":{"line":8,"column":25}},"5":{"start":{"line":11,"column":16},"end":{"line":28,"column":1}},"6":{"start":{"line":12,"column":20},"end":{"line":12,"column":53}},"7":{"start":{"line":13,"column":20},"end":{"line":13,"column":53}},"8":{"start":{"line":14,"column":15},"end":{"line":14,"column":60}},"9":{"start":{"line":15,"column":2},"end":{"line":15,"column":14}},"10":{"start":{"line":16,"column":17},"end":{"line":25,"column":4}},"11":{"start":{"line":17,"column":4},"end":{"line":19,"column":5}},"12":{"start":{"line":18,"column":6},"end":{"line":18,"column":43}},"13":{"start":{"line":19,"column":6},"end":{"line":21,"column":5}},"14":{"start":{"line":20,"column":6},"end":{"line":20,"column":43}},"15":{"start":{"line":21,"column":6},"end":{"line":23,"column":5}},"16":{"start":{"line":22,"column":6},"end":{"line":22,"column":43}},"17":{"start":{"line":24,"column":4},"end":{"line":24,"column":70}},"18":{"start":{"line":27,"column":2},"end":{"line":27,"column":38}}},"fnMap":{"0":{"name":"(anonymous_0)","decl":{"start":{"line":4,"column":20},"end":{"line":4,"column":21}},"loc":{"start":{"line":4,"column":46},"end":{"line":9,"column":1}},"line":4},"1":{"name":"(anonymous_1)","decl":{"start":{"line":11,"column":16},"end":{"line":11,"column":17}},"loc":{"start":{"line":11,"column":32},"end":{"line":28,"column":1}},"line":11},"2":{"name":"(anonymous_2)","decl":{"start":{"line":16,"column":26},"end":{"line":16,"column":27}},"loc":{"start":{"line":16,"column":35},"end":{"line":25,"column":3}},"line":16}},"branchMap":{"0":{"loc":{"start":{"line":17,"column":4},"end":{"line":19,"column":5}},"type":"if","locations":[{"start":{"line":17,"column":4},"end":{"line":19,"column":5}},{"start":{},"end":{}}],"line":17},"1":{"loc":{"start":{"line":17,"column":8},"end":{"line":17,"column":55}},"type":"binary-expr","locations":[{"start":{"line":17,"column":8},"end":{"line":17,"column":29}},{"start":{"line":17,"column":33},"end":{"line":17,"column":55}}],"line":17},"2":{"loc":{"start":{"line":19,"column":6},"end":{"line":21,"column":5}},"type":"if","locations":[{"start":{"line":19,"column":6},"end":{"line":21,"column":5}},{"start":{},"end":{}}],"line":19},"3":{"loc":{"start":{"line":19,"column":10},"end":{"line":19,"column":57}},"type":"binary-expr","locations":[{"start":{"line":19,"column":10},"end":{"line":19,"column":32}},{"start":{"line":19,"column":36},"end":{"line":19,"column":57}}],"line":19},"4":{"loc":{"start":{"line":21,"column":6},"end":{"line":23,"column":5}},"type":"if","locations":[{"start":{"line":21,"column":6},"end":{"line":23,"column":5}},{"start":{},"end":{}}],"line":21}},"s":{"0":1,"1":0,"2":0,"3":0,"4":0,"5":1,"6":1,"7":1,"8":1,"9":1,"10":1,"11":5,"12":2,"13":3,"14":1,"15":2,"16":1,"17":1,"18":1},"f":{"0":0,"1":1,"2":5},"b":{"0":[2,3],"1":[5,4],"2":[1,2],"3":[3,1],"4":[1,1]},"_coverageSchema":"1a1c01bbd47fc00a2c39e90264f33305004495a9","hash":"3f423a595f27f26e7d19a9b0ea490cd0384cd86e"}
}
